<?xml version="1.0" encoding="UTF-8"?>
<!-- Generated by org.testng.reporters.JUnitXMLReporter -->
<testsuite hostname="Sagars-MacBook-Pro.local" ignored="0" name="Test" tests="4" failures="0" timestamp="11 Apr 2019 21:06:39 GMT" time="6.443" errors="0">
  <testcase name="testReadJson" time="2.629" classname="restassuredtest.basicReadtest"/>
  <testcase name="testReadJson" time="1.232" classname="restassuredtest.basicReadtest"/>
  <testcase name="testReadJson" time="1.44" classname="restassuredtest.basicReadtest"/>
  <testcase name="basicAddBookTest" time="1.112" classname="restassuredtest.excelDriventest"/>
</testsuite> <!-- Test -->
