<?xml version="1.0" encoding="UTF-8"?>
<testsuite xmlns:xsi="http://www.w3.org/2001/XMLSchema-instance" xsi:noNamespaceSchemaLocation="https://maven.apache.org/surefire/maven-surefire-plugin/xsd/surefire-test-report-3.0.xsd" version="3.0" name="TestSuite" time="21.644" tests="4" errors="0" skipped="0" failures="0">
  <properties>
[...]
</properties>
  <testcase name="testReadJson" classname="restassuredtest.basicReadtest" time="2.629"/>
  <testcase name="testReadJson" classname="restassuredtest.basicReadtest" time="1.23"/>
  <testcase name="testReadJson" classname="restassuredtest.basicReadtest" time="1.441"/>
  <testcase name="basicAddBookTest" classname="restassuredtest.excelDriventest" time="1.112"/>
</testsuite>